16-Sep-2021 06:44:56.977 INFO [localhost-startStop-1] org.apache.catalina.core.ApplicationContext.log No Spring WebApplicationInitializer types detected on classpath
16-Sep-2021 06:44:57.058 INFO [localhost-startStop-1] org.apache.catalina.core.ApplicationContext.log Initializing Spring root WebApplicationContext
16-Sep-2021 06:44:58.401 SEVERE [localhost-startStop-1] org.apache.catalina.core.StandardContext.listenerStart Exception sending context initialized event to listener instance of class org.springframework.web.context.ContextLoaderListener
 org.springframework.beans.factory.BeanCreationException: Error creating bean with name 'dataSource': Invocation of init method failed; nested exception is javax.naming.NameNotFoundException: Name [jdbc/DHDB] is not bound in this Context. Unable to find [jdbc].
	at org.springframework.beans.factory.support.AbstractAutowireCapableBeanFactory.initializeBean(AbstractAutowireCapableBeanFactory.java:1578)
	at org.springframework.beans.factory.support.AbstractAutowireCapableBeanFactory.doCreateBean(AbstractAutowireCapableBeanFactory.java:545)
	at org.springframework.beans.factory.support.AbstractAutowireCapableBeanFactory.createBean(AbstractAutowireCapableBeanFactory.java:482)
	at org.springframework.beans.factory.support.AbstractBeanFactory$1.getObject(AbstractBeanFactory.java:306)
	at org.springframework.beans.factory.support.DefaultSingletonBeanRegistry.getSingleton(DefaultSingletonBeanRegistry.java:230)
	at org.springframework.beans.factory.support.AbstractBeanFactory.doGetBean(AbstractBeanFactory.java:302)
	at org.springframework.beans.factory.support.AbstractBeanFactory.getBean(AbstractBeanFactory.java:197)
	at org.springframework.beans.factory.support.DefaultListableBeanFactory.preInstantiateSingletons(DefaultListableBeanFactory.java:757)
	at org.springframework.context.support.AbstractApplicationContext.finishBeanFactoryInitialization(AbstractApplicationContext.java:861)
	at org.springframework.context.support.AbstractApplicationContext.refresh(AbstractApplicationContext.java:541)
	at org.springframework.web.context.ContextLoader.configureAndRefreshWebApplicationContext(ContextLoader.java:444)
	at org.springframework.web.context.ContextLoader.initWebApplicationContext(ContextLoader.java:326)
	at org.springframework.web.context.ContextLoaderListener.contextInitialized(ContextLoaderListener.java:107)
	at org.apache.catalina.core.StandardContext.listenerStart(StandardContext.java:4900)
	at org.apache.catalina.core.StandardContext.startInternal(StandardContext.java:5363)
	at org.apache.catalina.util.LifecycleBase.start(LifecycleBase.java:145)
	at org.apache.catalina.core.ContainerBase.addChildInternal(ContainerBase.java:755)
	at org.apache.catalina.core.ContainerBase.addChild(ContainerBase.java:731)
	at org.apache.catalina.core.StandardHost.addChild(StandardHost.java:717)
	at org.apache.catalina.startup.HostConfig.deployWAR(HostConfig.java:973)
	at org.apache.catalina.startup.HostConfig$DeployWar.run(HostConfig.java:1850)
	at java.util.concurrent.Executors$RunnableAdapter.call(Executors.java:473)
	at java.util.concurrent.FutureTask.run(FutureTask.java:262)
	at java.util.concurrent.ThreadPoolExecutor.runWorker(ThreadPoolExecutor.java:1152)
	at java.util.concurrent.ThreadPoolExecutor$Worker.run(ThreadPoolExecutor.java:622)
	at java.lang.Thread.run(Thread.java:748)
Caused by: javax.naming.NameNotFoundException: Name [jdbc/DHDB] is not bound in this Context. Unable to find [jdbc].
	at org.apache.naming.NamingContext.lookup(NamingContext.java:824)
	at org.apache.naming.NamingContext.lookup(NamingContext.java:172)
	at org.apache.naming.SelectorContext.lookup(SelectorContext.java:157)
	at javax.naming.InitialContext.lookup(InitialContext.java:415)
	at org.springframework.jndi.JndiTemplate$1.doInContext(JndiTemplate.java:155)
	at org.springframework.jndi.JndiTemplate.execute(JndiTemplate.java:87)
	at org.springframework.jndi.JndiTemplate.lookup(JndiTemplate.java:152)
	at org.springframework.jndi.JndiTemplate.lookup(JndiTemplate.java:179)
	at org.springframework.jndi.JndiLocatorSupport.lookup(JndiLocatorSupport.java:104)
	at org.springframework.jndi.JndiObjectLocator.lookup(JndiObjectLocator.java:106)
	at org.springframework.jndi.JndiObjectFactoryBean.lookupWithFallback(JndiObjectFactoryBean.java:231)
	at org.springframework.jndi.JndiObjectFactoryBean.afterPropertiesSet(JndiObjectFactoryBean.java:217)
	at org.springframework.beans.factory.support.AbstractAutowireCapableBeanFactory.invokeInitMethods(AbstractAutowireCapableBeanFactory.java:1637)
	at org.springframework.beans.factory.support.AbstractAutowireCapableBeanFactory.initializeBean(AbstractAutowireCapableBeanFactory.java:1574)
	... 25 more

16-Sep-2021 06:44:58.444 INFO [localhost-startStop-1] org.apache.catalina.core.ApplicationContext.log Closing Spring root WebApplicationContext
16-Sep-2021 06:44:59.821 INFO [localhost-startStop-1] org.apache.catalina.core.ApplicationContext.log ContextListener: contextInitialized()
16-Sep-2021 06:44:59.824 INFO [localhost-startStop-1] org.apache.catalina.core.ApplicationContext.log SessionListener: contextInitialized()
16-Sep-2021 06:44:59.826 INFO [localhost-startStop-1] org.apache.catalina.core.ApplicationContext.log ContextListener: attributeAdded('StockTicker', 'async.Stockticker@296db5ee')
16-Sep-2021 06:55:50.381 INFO [ContainerBackgroundProcessor[StandardEngine[Catalina]]] org.apache.catalina.core.ApplicationContext.log SessionListener: contextDestroyed()
16-Sep-2021 06:55:50.381 INFO [ContainerBackgroundProcessor[StandardEngine[Catalina]]] org.apache.catalina.core.ApplicationContext.log ContextListener: contextDestroyed()
16-Sep-2021 06:55:52.612 INFO [localhost-startStop-2] org.apache.catalina.core.ApplicationContext.log No Spring WebApplicationInitializer types detected on classpath
16-Sep-2021 06:55:52.673 INFO [localhost-startStop-2] org.apache.catalina.core.ApplicationContext.log Initializing Spring root WebApplicationContext
16-Sep-2021 06:55:53.557 SEVERE [localhost-startStop-2] org.apache.catalina.core.StandardContext.listenerStart Exception sending context initialized event to listener instance of class org.springframework.web.context.ContextLoaderListener
 org.springframework.beans.factory.BeanCreationException: Error creating bean with name 'dataSource': Invocation of init method failed; nested exception is javax.naming.NameNotFoundException: Name [jdbc/DHDB] is not bound in this Context. Unable to find [jdbc].
	at org.springframework.beans.factory.support.AbstractAutowireCapableBeanFactory.initializeBean(AbstractAutowireCapableBeanFactory.java:1578)
	at org.springframework.beans.factory.support.AbstractAutowireCapableBeanFactory.doCreateBean(AbstractAutowireCapableBeanFactory.java:545)
	at org.springframework.beans.factory.support.AbstractAutowireCapableBeanFactory.createBean(AbstractAutowireCapableBeanFactory.java:482)
	at org.springframework.beans.factory.support.AbstractBeanFactory$1.getObject(AbstractBeanFactory.java:306)
	at org.springframework.beans.factory.support.DefaultSingletonBeanRegistry.getSingleton(DefaultSingletonBeanRegistry.java:230)
	at org.springframework.beans.factory.support.AbstractBeanFactory.doGetBean(AbstractBeanFactory.java:302)
	at org.springframework.beans.factory.support.AbstractBeanFactory.getBean(AbstractBeanFactory.java:197)
	at org.springframework.beans.factory.support.DefaultListableBeanFactory.preInstantiateSingletons(DefaultListableBeanFactory.java:757)
	at org.springframework.context.support.AbstractApplicationContext.finishBeanFactoryInitialization(AbstractApplicationContext.java:861)
	at org.springframework.context.support.AbstractApplicationContext.refresh(AbstractApplicationContext.java:541)
	at org.springframework.web.context.ContextLoader.configureAndRefreshWebApplicationContext(ContextLoader.java:444)
	at org.springframework.web.context.ContextLoader.initWebApplicationContext(ContextLoader.java:326)
	at org.springframework.web.context.ContextLoaderListener.contextInitialized(ContextLoaderListener.java:107)
	at org.apache.catalina.core.StandardContext.listenerStart(StandardContext.java:4900)
	at org.apache.catalina.core.StandardContext.startInternal(StandardContext.java:5363)
	at org.apache.catalina.util.LifecycleBase.start(LifecycleBase.java:145)
	at org.apache.catalina.core.ContainerBase.addChildInternal(ContainerBase.java:755)
	at org.apache.catalina.core.ContainerBase.addChild(ContainerBase.java:731)
	at org.apache.catalina.core.StandardHost.addChild(StandardHost.java:717)
	at org.apache.catalina.startup.HostConfig.deployWAR(HostConfig.java:973)
	at org.apache.catalina.startup.HostConfig$DeployWar.run(HostConfig.java:1850)
	at java.util.concurrent.Executors$RunnableAdapter.call(Executors.java:473)
	at java.util.concurrent.FutureTask.run(FutureTask.java:262)
	at java.util.concurrent.ThreadPoolExecutor.runWorker(ThreadPoolExecutor.java:1152)
	at java.util.concurrent.ThreadPoolExecutor$Worker.run(ThreadPoolExecutor.java:622)
	at java.lang.Thread.run(Thread.java:748)
Caused by: javax.naming.NameNotFoundException: Name [jdbc/DHDB] is not bound in this Context. Unable to find [jdbc].
	at org.apache.naming.NamingContext.lookup(NamingContext.java:824)
	at org.apache.naming.NamingContext.lookup(NamingContext.java:172)
	at org.apache.naming.SelectorContext.lookup(SelectorContext.java:157)
	at javax.naming.InitialContext.lookup(InitialContext.java:415)
	at org.springframework.jndi.JndiTemplate$1.doInContext(JndiTemplate.java:155)
	at org.springframework.jndi.JndiTemplate.execute(JndiTemplate.java:87)
	at org.springframework.jndi.JndiTemplate.lookup(JndiTemplate.java:152)
	at org.springframework.jndi.JndiTemplate.lookup(JndiTemplate.java:179)
	at org.springframework.jndi.JndiLocatorSupport.lookup(JndiLocatorSupport.java:104)
	at org.springframework.jndi.JndiObjectLocator.lookup(JndiObjectLocator.java:106)
	at org.springframework.jndi.JndiObjectFactoryBean.lookupWithFallback(JndiObjectFactoryBean.java:231)
	at org.springframework.jndi.JndiObjectFactoryBean.afterPropertiesSet(JndiObjectFactoryBean.java:217)
	at org.springframework.beans.factory.support.AbstractAutowireCapableBeanFactory.invokeInitMethods(AbstractAutowireCapableBeanFactory.java:1637)
	at org.springframework.beans.factory.support.AbstractAutowireCapableBeanFactory.initializeBean(AbstractAutowireCapableBeanFactory.java:1574)
	... 25 more

16-Sep-2021 06:55:53.558 INFO [localhost-startStop-2] org.apache.catalina.core.ApplicationContext.log Closing Spring root WebApplicationContext
16-Sep-2021 06:55:54.212 INFO [localhost-startStop-2] org.apache.catalina.core.ApplicationContext.log ContextListener: contextInitialized()
16-Sep-2021 06:55:54.212 INFO [localhost-startStop-2] org.apache.catalina.core.ApplicationContext.log SessionListener: contextInitialized()
16-Sep-2021 06:55:54.214 INFO [localhost-startStop-2] org.apache.catalina.core.ApplicationContext.log ContextListener: attributeAdded('StockTicker', 'async.Stockticker@2823a2b4')
16-Sep-2021 07:00:43.322 INFO [localhost-startStop-3] org.apache.catalina.core.ApplicationContext.log SessionListener: contextDestroyed()
16-Sep-2021 07:00:43.324 INFO [localhost-startStop-3] org.apache.catalina.core.ApplicationContext.log ContextListener: contextDestroyed()
16-Sep-2021 07:00:50.174 INFO [localhost-startStop-1] org.apache.catalina.core.ApplicationContext.log No Spring WebApplicationInitializer types detected on classpath
16-Sep-2021 07:00:50.256 INFO [localhost-startStop-1] org.apache.catalina.core.ApplicationContext.log Initializing Spring root WebApplicationContext
16-Sep-2021 07:00:51.685 SEVERE [localhost-startStop-1] org.apache.catalina.core.StandardContext.listenerStart Exception sending context initialized event to listener instance of class org.springframework.web.context.ContextLoaderListener
 org.springframework.beans.factory.BeanCreationException: Error creating bean with name 'sessionFactory' defined in ServletContext resource [/WEB-INF/application-context.xml]: Initialization of bean failed; nested exception is org.springframework.beans.TypeMismatchException: Failed to convert property value of type [java.util.ArrayList] to required type [java.lang.Class[]] for property 'annotatedClasses'; nested exception is java.lang.IllegalArgumentException: Error loading class [com.spring.rest.curd.model.Payment]: problem with class file or dependent class.
	at org.springframework.beans.factory.support.AbstractAutowireCapableBeanFactory.doCreateBean(AbstractAutowireCapableBeanFactory.java:553)
	at org.springframework.beans.factory.support.AbstractAutowireCapableBeanFactory.createBean(AbstractAutowireCapableBeanFactory.java:482)
	at org.springframework.beans.factory.support.AbstractBeanFactory$1.getObject(AbstractBeanFactory.java:306)
	at org.springframework.beans.factory.support.DefaultSingletonBeanRegistry.getSingleton(DefaultSingletonBeanRegistry.java:230)
	at org.springframework.beans.factory.support.AbstractBeanFactory.doGetBean(AbstractBeanFactory.java:302)
	at org.springframework.beans.factory.support.AbstractBeanFactory.getBean(AbstractBeanFactory.java:197)
	at org.springframework.beans.factory.support.DefaultListableBeanFactory.preInstantiateSingletons(DefaultListableBeanFactory.java:757)
	at org.springframework.context.support.AbstractApplicationContext.finishBeanFactoryInitialization(AbstractApplicationContext.java:861)
	at org.springframework.context.support.AbstractApplicationContext.refresh(AbstractApplicationContext.java:541)
	at org.springframework.web.context.ContextLoader.configureAndRefreshWebApplicationContext(ContextLoader.java:444)
	at org.springframework.web.context.ContextLoader.initWebApplicationContext(ContextLoader.java:326)
	at org.springframework.web.context.ContextLoaderListener.contextInitialized(ContextLoaderListener.java:107)
	at org.apache.catalina.core.StandardContext.listenerStart(StandardContext.java:4900)
	at org.apache.catalina.core.StandardContext.startInternal(StandardContext.java:5363)
	at org.apache.catalina.util.LifecycleBase.start(LifecycleBase.java:145)
	at org.apache.catalina.core.ContainerBase.addChildInternal(ContainerBase.java:755)
	at org.apache.catalina.core.ContainerBase.addChild(ContainerBase.java:731)
	at org.apache.catalina.core.StandardHost.addChild(StandardHost.java:717)
	at org.apache.catalina.startup.HostConfig.deployWAR(HostConfig.java:973)
	at org.apache.catalina.startup.HostConfig$DeployWar.run(HostConfig.java:1850)
	at java.util.concurrent.Executors$RunnableAdapter.call(Executors.java:473)
	at java.util.concurrent.FutureTask.run(FutureTask.java:262)
	at java.util.concurrent.ThreadPoolExecutor.runWorker(ThreadPoolExecutor.java:1152)
	at java.util.concurrent.ThreadPoolExecutor$Worker.run(ThreadPoolExecutor.java:622)
	at java.lang.Thread.run(Thread.java:748)
Caused by: org.springframework.beans.TypeMismatchException: Failed to convert property value of type [java.util.ArrayList] to required type [java.lang.Class[]] for property 'annotatedClasses'; nested exception is java.lang.IllegalArgumentException: Error loading class [com.spring.rest.curd.model.Payment]: problem with class file or dependent class.
	at org.springframework.beans.AbstractNestablePropertyAccessor.convertIfNecessary(AbstractNestablePropertyAccessor.java:596)
	at org.springframework.beans.AbstractNestablePropertyAccessor.convertForProperty(AbstractNestablePropertyAccessor.java:603)
	at org.springframework.beans.BeanWrapperImpl.convertForProperty(BeanWrapperImpl.java:216)
	at org.springframework.beans.factory.support.AbstractAutowireCapableBeanFactory.convertForProperty(AbstractAutowireCapableBeanFactory.java:1527)
	at org.springframework.beans.factory.support.AbstractAutowireCapableBeanFactory.applyPropertyValues(AbstractAutowireCapableBeanFactory.java:1486)
	at org.springframework.beans.factory.support.AbstractAutowireCapableBeanFactory.populateBean(AbstractAutowireCapableBeanFactory.java:1226)
	at org.springframework.beans.factory.support.AbstractAutowireCapableBeanFactory.doCreateBean(AbstractAutowireCapableBeanFactory.java:543)
	... 24 more
Caused by: java.lang.IllegalArgumentException: Error loading class [com.spring.rest.curd.model.Payment]: problem with class file or dependent class.
	at org.springframework.util.ClassUtils.resolveClassName(ClassUtils.java:290)
	at org.springframework.beans.propertyeditors.ClassEditor.setAsText(ClassEditor.java:63)
	at org.springframework.beans.TypeConverterDelegate.doConvertTextValue(TypeConverterDelegate.java:468)
	at org.springframework.beans.TypeConverterDelegate.doConvertValue(TypeConverterDelegate.java:441)
	at org.springframework.beans.TypeConverterDelegate.convertIfNecessary(TypeConverterDelegate.java:199)
	at org.springframework.beans.TypeConverterDelegate.convertIfNecessary(TypeConverterDelegate.java:143)
	at org.springframework.beans.TypeConverterDelegate.convertToTypedArray(TypeConverterDelegate.java:479)
	at org.springframework.beans.TypeConverterDelegate.convertIfNecessary(TypeConverterDelegate.java:216)
	at org.springframework.beans.AbstractNestablePropertyAccessor.convertIfNecessary(AbstractNestablePropertyAccessor.java:576)
	... 30 more
Caused by: java.lang.UnsupportedClassVersionError: com/spring/rest/curd/model/Payment : Unsupported major.minor version 52.0 (unable to load class com.spring.rest.curd.model.Payment)
	at org.apache.catalina.loader.WebappClassLoaderBase.findClassInternal(WebappClassLoaderBase.java:2532)
	at org.apache.catalina.loader.WebappClassLoaderBase.findClass(WebappClassLoaderBase.java:872)
	at org.apache.catalina.loader.WebappClassLoaderBase.loadClass(WebappClassLoaderBase.java:1321)
	at org.apache.catalina.loader.WebappClassLoaderBase.loadClass(WebappClassLoaderBase.java:1180)
	at org.springframework.util.ClassUtils.forName(ClassUtils.java:250)
	at org.springframework.util.ClassUtils.resolveClassName(ClassUtils.java:284)
	... 38 more

16-Sep-2021 07:00:51.727 INFO [localhost-startStop-1] org.apache.catalina.core.ApplicationContext.log Closing Spring root WebApplicationContext
16-Sep-2021 07:00:53.547 INFO [localhost-startStop-1] org.apache.catalina.core.ApplicationContext.log ContextListener: contextInitialized()
16-Sep-2021 07:00:53.556 INFO [localhost-startStop-1] org.apache.catalina.core.ApplicationContext.log SessionListener: contextInitialized()
16-Sep-2021 07:00:53.558 INFO [localhost-startStop-1] org.apache.catalina.core.ApplicationContext.log ContextListener: attributeAdded('StockTicker', 'async.Stockticker@643bbf3e')
16-Sep-2021 07:08:15.637 INFO [localhost-startStop-2] org.apache.catalina.core.ApplicationContext.log SessionListener: contextDestroyed()
16-Sep-2021 07:08:15.638 INFO [localhost-startStop-2] org.apache.catalina.core.ApplicationContext.log ContextListener: contextDestroyed()
16-Sep-2021 07:13:55.455 INFO [localhost-startStop-1] org.apache.catalina.core.ApplicationContext.log No Spring WebApplicationInitializer types detected on classpath
16-Sep-2021 07:13:55.502 INFO [localhost-startStop-1] org.apache.catalina.core.ApplicationContext.log Initializing Spring root WebApplicationContext
16-Sep-2021 07:24:41.806 INFO [localhost-startStop-2] org.apache.catalina.core.ApplicationContext.log Closing Spring root WebApplicationContext
16-Sep-2021 07:35:53.754 INFO [localhost-startStop-1] org.apache.catalina.core.ApplicationContext.log No Spring WebApplicationInitializer types detected on classpath
16-Sep-2021 07:35:53.798 INFO [localhost-startStop-1] org.apache.catalina.core.ApplicationContext.log Initializing Spring root WebApplicationContext
16-Sep-2021 07:35:54.460 SEVERE [localhost-startStop-1] org.apache.catalina.core.StandardContext.listenerStart Exception sending context initialized event to listener instance of class [org.springframework.web.context.ContextLoaderListener]
	org.springframework.beans.factory.BeanCreationException: Error creating bean with name 'dataSource': Invocation of init method failed; nested exception is javax.naming.NameNotFoundException: Name [jdbc/DHDB] is not bound in this Context. Unable to find [jdbc].
		at org.springframework.beans.factory.support.AbstractAutowireCapableBeanFactory.initializeBean(AbstractAutowireCapableBeanFactory.java:1578)
		at org.springframework.beans.factory.support.AbstractAutowireCapableBeanFactory.doCreateBean(AbstractAutowireCapableBeanFactory.java:545)
		at org.springframework.beans.factory.support.AbstractAutowireCapableBeanFactory.createBean(AbstractAutowireCapableBeanFactory.java:482)
		at org.springframework.beans.factory.support.AbstractBeanFactory$1.getObject(AbstractBeanFactory.java:306)
		at org.springframework.beans.factory.support.DefaultSingletonBeanRegistry.getSingleton(DefaultSingletonBeanRegistry.java:230)
		at org.springframework.beans.factory.support.AbstractBeanFactory.doGetBean(AbstractBeanFactory.java:302)
		at org.springframework.beans.factory.support.AbstractBeanFactory.getBean(AbstractBeanFactory.java:197)
		at org.springframework.beans.factory.support.DefaultListableBeanFactory.preInstantiateSingletons(DefaultListableBeanFactory.java:757)
		at org.springframework.context.support.AbstractApplicationContext.finishBeanFactoryInitialization(AbstractApplicationContext.java:861)
		at org.springframework.context.support.AbstractApplicationContext.refresh(AbstractApplicationContext.java:541)
		at org.springframework.web.context.ContextLoader.configureAndRefreshWebApplicationContext(ContextLoader.java:444)
		at org.springframework.web.context.ContextLoader.initWebApplicationContext(ContextLoader.java:326)
		at org.springframework.web.context.ContextLoaderListener.contextInitialized(ContextLoaderListener.java:107)
		at org.apache.catalina.core.StandardContext.listenerStart(StandardContext.java:4763)
		at org.apache.catalina.core.StandardContext.startInternal(StandardContext.java:5232)
		at org.apache.catalina.util.LifecycleBase.start(LifecycleBase.java:183)
		at org.apache.catalina.core.ContainerBase.addChildInternal(ContainerBase.java:753)
		at org.apache.catalina.core.ContainerBase.addChild(ContainerBase.java:727)
		at org.apache.catalina.core.StandardHost.addChild(StandardHost.java:695)
		at org.apache.catalina.startup.HostConfig.deployWAR(HostConfig.java:1016)
		at org.apache.catalina.startup.HostConfig$DeployWar.run(HostConfig.java:1903)
		at java.util.concurrent.Executors$RunnableAdapter.call(Executors.java:511)
		at java.util.concurrent.FutureTask.run(FutureTask.java:266)
		at java.util.concurrent.ThreadPoolExecutor.runWorker(ThreadPoolExecutor.java:1149)
		at java.util.concurrent.ThreadPoolExecutor$Worker.run(ThreadPoolExecutor.java:624)
		at java.lang.Thread.run(Thread.java:748)
	Caused by: javax.naming.NameNotFoundException: Name [jdbc/DHDB] is not bound in this Context. Unable to find [jdbc].
		at org.apache.naming.NamingContext.lookup(NamingContext.java:823)
		at org.apache.naming.NamingContext.lookup(NamingContext.java:171)
		at org.apache.naming.SelectorContext.lookup(SelectorContext.java:161)
		at javax.naming.InitialContext.lookup(InitialContext.java:417)
		at org.springframework.jndi.JndiTemplate$1.doInContext(JndiTemplate.java:155)
		at org.springframework.jndi.JndiTemplate.execute(JndiTemplate.java:87)
		at org.springframework.jndi.JndiTemplate.lookup(JndiTemplate.java:152)
		at org.springframework.jndi.JndiTemplate.lookup(JndiTemplate.java:179)
		at org.springframework.jndi.JndiLocatorSupport.lookup(JndiLocatorSupport.java:104)
		at org.springframework.jndi.JndiObjectLocator.lookup(JndiObjectLocator.java:106)
		at org.springframework.jndi.JndiObjectFactoryBean.lookupWithFallback(JndiObjectFactoryBean.java:231)
		at org.springframework.jndi.JndiObjectFactoryBean.afterPropertiesSet(JndiObjectFactoryBean.java:217)
		at org.springframework.beans.factory.support.AbstractAutowireCapableBeanFactory.invokeInitMethods(AbstractAutowireCapableBeanFactory.java:1637)
		at org.springframework.beans.factory.support.AbstractAutowireCapableBeanFactory.initializeBean(AbstractAutowireCapableBeanFactory.java:1574)
		... 25 more
16-Sep-2021 07:35:54.479 INFO [localhost-startStop-1] org.apache.catalina.core.ApplicationContext.log Closing Spring root WebApplicationContext
16-Sep-2021 07:43:04.486 INFO [localhost-startStop-1] org.apache.catalina.core.ApplicationContext.log No Spring WebApplicationInitializer types detected on classpath
16-Sep-2021 07:43:04.710 INFO [localhost-startStop-1] org.apache.catalina.core.ApplicationContext.log Initializing Spring root WebApplicationContext
16-Sep-2021 07:43:05.499 SEVERE [localhost-startStop-1] org.apache.catalina.core.StandardContext.listenerStart Exception sending context initialized event to listener instance of class [org.springframework.web.context.ContextLoaderListener]
	org.springframework.beans.factory.BeanCreationException: Error creating bean with name 'dataSource': Invocation of init method failed; nested exception is javax.naming.NameNotFoundException: Name [jdbc/DHDB] is not bound in this Context. Unable to find [jdbc].
		at org.springframework.beans.factory.support.AbstractAutowireCapableBeanFactory.initializeBean(AbstractAutowireCapableBeanFactory.java:1578)
		at org.springframework.beans.factory.support.AbstractAutowireCapableBeanFactory.doCreateBean(AbstractAutowireCapableBeanFactory.java:545)
		at org.springframework.beans.factory.support.AbstractAutowireCapableBeanFactory.createBean(AbstractAutowireCapableBeanFactory.java:482)
		at org.springframework.beans.factory.support.AbstractBeanFactory$1.getObject(AbstractBeanFactory.java:306)
		at org.springframework.beans.factory.support.DefaultSingletonBeanRegistry.getSingleton(DefaultSingletonBeanRegistry.java:230)
		at org.springframework.beans.factory.support.AbstractBeanFactory.doGetBean(AbstractBeanFactory.java:302)
		at org.springframework.beans.factory.support.AbstractBeanFactory.getBean(AbstractBeanFactory.java:197)
		at org.springframework.beans.factory.support.DefaultListableBeanFactory.preInstantiateSingletons(DefaultListableBeanFactory.java:757)
		at org.springframework.context.support.AbstractApplicationContext.finishBeanFactoryInitialization(AbstractApplicationContext.java:861)
		at org.springframework.context.support.AbstractApplicationContext.refresh(AbstractApplicationContext.java:541)
		at org.springframework.web.context.ContextLoader.configureAndRefreshWebApplicationContext(ContextLoader.java:444)
		at org.springframework.web.context.ContextLoader.initWebApplicationContext(ContextLoader.java:326)
		at org.springframework.web.context.ContextLoaderListener.contextInitialized(ContextLoaderListener.java:107)
		at org.apache.catalina.core.StandardContext.listenerStart(StandardContext.java:4770)
		at org.apache.catalina.core.StandardContext.startInternal(StandardContext.java:5236)
		at org.apache.catalina.util.LifecycleBase.start(LifecycleBase.java:150)
		at org.apache.catalina.core.ContainerBase.addChildInternal(ContainerBase.java:754)
		at org.apache.catalina.core.ContainerBase.addChild(ContainerBase.java:730)
		at org.apache.catalina.core.StandardHost.addChild(StandardHost.java:744)
		at org.apache.catalina.startup.HostConfig.deployWAR(HostConfig.java:980)
		at org.apache.catalina.startup.HostConfig$DeployWar.run(HostConfig.java:1851)
		at java.util.concurrent.Executors$RunnableAdapter.call(Executors.java:511)
		at java.util.concurrent.FutureTask.run(FutureTask.java:266)
		at java.util.concurrent.ThreadPoolExecutor.runWorker(ThreadPoolExecutor.java:1149)
		at java.util.concurrent.ThreadPoolExecutor$Worker.run(ThreadPoolExecutor.java:624)
		at java.lang.Thread.run(Thread.java:748)
	Caused by: javax.naming.NameNotFoundException: Name [jdbc/DHDB] is not bound in this Context. Unable to find [jdbc].
		at org.apache.naming.NamingContext.lookup(NamingContext.java:816)
		at org.apache.naming.NamingContext.lookup(NamingContext.java:173)
		at org.apache.naming.SelectorContext.lookup(SelectorContext.java:163)
		at javax.naming.InitialContext.lookup(InitialContext.java:417)
		at org.springframework.jndi.JndiTemplate$1.doInContext(JndiTemplate.java:155)
		at org.springframework.jndi.JndiTemplate.execute(JndiTemplate.java:87)
		at org.springframework.jndi.JndiTemplate.lookup(JndiTemplate.java:152)
		at org.springframework.jndi.JndiTemplate.lookup(JndiTemplate.java:179)
		at org.springframework.jndi.JndiLocatorSupport.lookup(JndiLocatorSupport.java:104)
		at org.springframework.jndi.JndiObjectLocator.lookup(JndiObjectLocator.java:106)
		at org.springframework.jndi.JndiObjectFactoryBean.lookupWithFallback(JndiObjectFactoryBean.java:231)
		at org.springframework.jndi.JndiObjectFactoryBean.afterPropertiesSet(JndiObjectFactoryBean.java:217)
		at org.springframework.beans.factory.support.AbstractAutowireCapableBeanFactory.invokeInitMethods(AbstractAutowireCapableBeanFactory.java:1637)
		at org.springframework.beans.factory.support.AbstractAutowireCapableBeanFactory.initializeBean(AbstractAutowireCapableBeanFactory.java:1574)
		... 25 more
16-Sep-2021 07:43:05.526 INFO [localhost-startStop-1] org.apache.catalina.core.ApplicationContext.log Closing Spring root WebApplicationContext
16-Sep-2021 07:43:06.310 INFO [localhost-startStop-1] org.apache.catalina.core.ApplicationContext.log ContextListener: contextInitialized()
16-Sep-2021 07:43:06.310 INFO [localhost-startStop-1] org.apache.catalina.core.ApplicationContext.log SessionListener: contextInitialized()
16-Sep-2021 07:43:06.311 INFO [localhost-startStop-1] org.apache.catalina.core.ApplicationContext.log ContextListener: attributeAdded('StockTicker', 'async.Stockticker@102deeee')
16-Sep-2021 07:46:26.806 INFO [ContainerBackgroundProcessor[StandardEngine[Catalina]]] org.apache.catalina.core.ApplicationContext.log SessionListener: contextDestroyed()
16-Sep-2021 07:46:26.807 INFO [ContainerBackgroundProcessor[StandardEngine[Catalina]]] org.apache.catalina.core.ApplicationContext.log ContextListener: contextDestroyed()
16-Sep-2021 07:46:28.417 INFO [localhost-startStop-2] org.apache.catalina.core.ApplicationContext.log No Spring WebApplicationInitializer types detected on classpath
16-Sep-2021 07:46:28.505 INFO [localhost-startStop-2] org.apache.catalina.core.ApplicationContext.log Initializing Spring root WebApplicationContext
16-Sep-2021 07:46:29.010 SEVERE [localhost-startStop-2] org.apache.catalina.core.StandardContext.listenerStart Exception sending context initialized event to listener instance of class [org.springframework.web.context.ContextLoaderListener]
	org.springframework.beans.factory.BeanCreationException: Error creating bean with name 'dataSource': Invocation of init method failed; nested exception is javax.naming.NameNotFoundException: Name [jdbc/DHDB] is not bound in this Context. Unable to find [jdbc].
		at org.springframework.beans.factory.support.AbstractAutowireCapableBeanFactory.initializeBean(AbstractAutowireCapableBeanFactory.java:1578)
		at org.springframework.beans.factory.support.AbstractAutowireCapableBeanFactory.doCreateBean(AbstractAutowireCapableBeanFactory.java:545)
		at org.springframework.beans.factory.support.AbstractAutowireCapableBeanFactory.createBean(AbstractAutowireCapableBeanFactory.java:482)
		at org.springframework.beans.factory.support.AbstractBeanFactory$1.getObject(AbstractBeanFactory.java:306)
		at org.springframework.beans.factory.support.DefaultSingletonBeanRegistry.getSingleton(DefaultSingletonBeanRegistry.java:230)
		at org.springframework.beans.factory.support.AbstractBeanFactory.doGetBean(AbstractBeanFactory.java:302)
		at org.springframework.beans.factory.support.AbstractBeanFactory.getBean(AbstractBeanFactory.java:197)
		at org.springframework.beans.factory.support.DefaultListableBeanFactory.preInstantiateSingletons(DefaultListableBeanFactory.java:757)
		at org.springframework.context.support.AbstractApplicationContext.finishBeanFactoryInitialization(AbstractApplicationContext.java:861)
		at org.springframework.context.support.AbstractApplicationContext.refresh(AbstractApplicationContext.java:541)
		at org.springframework.web.context.ContextLoader.configureAndRefreshWebApplicationContext(ContextLoader.java:444)
		at org.springframework.web.context.ContextLoader.initWebApplicationContext(ContextLoader.java:326)
		at org.springframework.web.context.ContextLoaderListener.contextInitialized(ContextLoaderListener.java:107)
		at org.apache.catalina.core.StandardContext.listenerStart(StandardContext.java:4770)
		at org.apache.catalina.core.StandardContext.startInternal(StandardContext.java:5236)
		at org.apache.catalina.util.LifecycleBase.start(LifecycleBase.java:150)
		at org.apache.catalina.core.ContainerBase.addChildInternal(ContainerBase.java:754)
		at org.apache.catalina.core.ContainerBase.addChild(ContainerBase.java:730)
		at org.apache.catalina.core.StandardHost.addChild(StandardHost.java:744)
		at org.apache.catalina.startup.HostConfig.deployWAR(HostConfig.java:980)
		at org.apache.catalina.startup.HostConfig$DeployWar.run(HostConfig.java:1851)
		at java.util.concurrent.Executors$RunnableAdapter.call(Executors.java:511)
		at java.util.concurrent.FutureTask.run(FutureTask.java:266)
		at java.util.concurrent.ThreadPoolExecutor.runWorker(ThreadPoolExecutor.java:1149)
		at java.util.concurrent.ThreadPoolExecutor$Worker.run(ThreadPoolExecutor.java:624)
		at java.lang.Thread.run(Thread.java:748)
	Caused by: javax.naming.NameNotFoundException: Name [jdbc/DHDB] is not bound in this Context. Unable to find [jdbc].
		at org.apache.naming.NamingContext.lookup(NamingContext.java:816)
		at org.apache.naming.NamingContext.lookup(NamingContext.java:173)
		at org.apache.naming.SelectorContext.lookup(SelectorContext.java:163)
		at javax.naming.InitialContext.lookup(InitialContext.java:417)
		at org.springframework.jndi.JndiTemplate$1.doInContext(JndiTemplate.java:155)
		at org.springframework.jndi.JndiTemplate.execute(JndiTemplate.java:87)
		at org.springframework.jndi.JndiTemplate.lookup(JndiTemplate.java:152)
		at org.springframework.jndi.JndiTemplate.lookup(JndiTemplate.java:179)
		at org.springframework.jndi.JndiLocatorSupport.lookup(JndiLocatorSupport.java:104)
		at org.springframework.jndi.JndiObjectLocator.lookup(JndiObjectLocator.java:106)
		at org.springframework.jndi.JndiObjectFactoryBean.lookupWithFallback(JndiObjectFactoryBean.java:231)
		at org.springframework.jndi.JndiObjectFactoryBean.afterPropertiesSet(JndiObjectFactoryBean.java:217)
		at org.springframework.beans.factory.support.AbstractAutowireCapableBeanFactory.invokeInitMethods(AbstractAutowireCapableBeanFactory.java:1637)
		at org.springframework.beans.factory.support.AbstractAutowireCapableBeanFactory.initializeBean(AbstractAutowireCapableBeanFactory.java:1574)
		... 25 more
16-Sep-2021 07:46:29.014 INFO [localhost-startStop-2] org.apache.catalina.core.ApplicationContext.log Closing Spring root WebApplicationContext
16-Sep-2021 07:46:29.704 INFO [localhost-startStop-2] org.apache.catalina.core.ApplicationContext.log ContextListener: contextInitialized()
16-Sep-2021 07:46:29.705 INFO [localhost-startStop-2] org.apache.catalina.core.ApplicationContext.log SessionListener: contextInitialized()
16-Sep-2021 07:46:29.706 INFO [localhost-startStop-2] org.apache.catalina.core.ApplicationContext.log ContextListener: attributeAdded('StockTicker', 'async.Stockticker@6064228b')
16-Sep-2021 07:47:34.869 INFO [localhost-startStop-3] org.apache.catalina.core.ApplicationContext.log SessionListener: contextDestroyed()
16-Sep-2021 07:47:34.869 INFO [localhost-startStop-3] org.apache.catalina.core.ApplicationContext.log ContextListener: contextDestroyed()
16-Sep-2021 07:47:39.286 INFO [localhost-startStop-1] org.apache.catalina.core.ApplicationContext.log No Spring WebApplicationInitializer types detected on classpath
16-Sep-2021 07:47:39.510 INFO [localhost-startStop-1] org.apache.catalina.core.ApplicationContext.log Initializing Spring root WebApplicationContext
16-Sep-2021 07:47:43.134 INFO [localhost-startStop-1] org.apache.catalina.core.ApplicationContext.log ContextListener: contextInitialized()
16-Sep-2021 07:47:43.139 INFO [localhost-startStop-1] org.apache.catalina.core.ApplicationContext.log SessionListener: contextInitialized()
16-Sep-2021 07:47:43.141 INFO [localhost-startStop-1] org.apache.catalina.core.ApplicationContext.log ContextListener: attributeAdded('StockTicker', 'async.Stockticker@62ede87a')
16-Sep-2021 07:56:26.948 INFO [http-nio-8080-exec-7] org.apache.catalina.core.ApplicationContext.log Initializing Spring FrameworkServlet 'springRest'
16-Sep-2021 08:23:26.994 INFO [localhost-startStop-2] org.apache.catalina.core.ApplicationContext.log Destroying Spring FrameworkServlet 'springRest'
16-Sep-2021 08:23:27.005 INFO [localhost-startStop-2] org.apache.catalina.core.ApplicationContext.log Closing Spring root WebApplicationContext
16-Sep-2021 08:23:27.026 INFO [localhost-startStop-2] org.apache.catalina.core.ApplicationContext.log SessionListener: contextDestroyed()
16-Sep-2021 08:23:27.026 INFO [localhost-startStop-2] org.apache.catalina.core.ApplicationContext.log ContextListener: contextDestroyed()
16-Sep-2021 08:24:52.778 INFO [localhost-startStop-1] org.apache.catalina.core.ApplicationContext.log No Spring WebApplicationInitializer types detected on classpath
16-Sep-2021 08:24:53.020 INFO [localhost-startStop-1] org.apache.catalina.core.ApplicationContext.log Initializing Spring root WebApplicationContext
16-Sep-2021 08:24:56.935 INFO [localhost-startStop-1] org.apache.catalina.core.ApplicationContext.log ContextListener: contextInitialized()
16-Sep-2021 08:24:56.935 INFO [localhost-startStop-1] org.apache.catalina.core.ApplicationContext.log SessionListener: contextInitialized()
16-Sep-2021 08:24:56.936 INFO [localhost-startStop-1] org.apache.catalina.core.ApplicationContext.log ContextListener: attributeAdded('StockTicker', 'async.Stockticker@62ede87a')
16-Sep-2021 08:25:10.342 INFO [http-nio-8080-exec-1] org.apache.catalina.core.ApplicationContext.log Initializing Spring FrameworkServlet 'springRest'
